<?xml version="1.0" encoding="UTF-8"?>
<!-- Generated by org.testng.reporters.JUnitReportReporter -->
<testsuite skipped="0" hostname="shapan-HP" name="com.shapan.qa.testcases.LoginPageTest" tests="3" failures="0" timestamp="26 May 2018 09:17:09 GMT" time="26.135" errors="0">
  <testcase name="loginPageTitleTest" time="7.504" classname="com.shapan.qa.testcases.LoginPageTest"/>
  <testcase name="crmLogoImageTest" time="7.420" classname="com.shapan.qa.testcases.LoginPageTest"/>
  <testcase name="loginTest" time="11.211" classname="com.shapan.qa.testcases.LoginPageTest"/>
</testsuite> <!-- com.shapan.qa.testcases.LoginPageTest -->
